> Initializing Ultralight v1.3.0 (WebKit 610.4.3.1.4) with the following configuration
    cache_path: 
    resource_path_prefix: resources/
    face_winding: CounterClockwise
    font_hinting: Normal
    font_gamma: 1.8
    force_repaint: disabled
    animation_timer_delay: 16.7 ms
    scroll_timer_delay: 16.7 ms
    recycle_delay: 4.0 s
    memory_cache_size: 64.00 MB
    page_cache_size: 0 pages
    override_ram_size: disabled
    min_large_heap_size: 32.00 MB
    min_small_heap_size: 1.00 MB
    num_renderer_threads: 0
    max_update_time: 5.0 ms
    bitmap_alignment: 16


> Creating Session with the following configuration:
    id: 2
    is_persistent: 1
    name: default
    is_default: 1
    disk_path: default (you can adjust this location in Config::cache_path)

> Creating Session with the following configuration:
    id: 9223372036854775810
    is_persistent: 0
    name: ne_session
    is_default: 0
    disk_path: ne_session (you can adjust this location in Config::cache_path)

> Creating View with the following configuration:
    width: 1920
    height: 1080
    device scale: 1
    session id: 9223372036854775810
    is_accelerated: 0

> Initializing Thread Pool with the following configuration:
    physical processors (detected): 4
    num threads: 3

